2016/06/12 00:00:00 - - 200 190 http://www.a.com/o1html xxxxxxx
2016/06/12 00:00:01 - - 200 390 http://www.b.com/o1html xxxxxxx
2016/06/12 00:00:02 - - 200 490 http://www.v.com/o.html xxxxxxx
2016/06/12 00:00:03 - - 200 890 http://www.a.com/o.html xxxxxxx
2016/06/12 00:00:03 - - 200 890 http://www.a.com/o.html	......
2016/06/12 05:30:34 - - 200 890 http://www.a.com/o.html
2016/06/12 05:30:35 - - 200 890 http://www.a.com/o.html
2016/06/12 05:40:03 - - 200 890 http://www.a.com/o.html
2016/06/12 06:10:03 - - 200 890 http://www.a.com/o.html
2016/06/12 06:20:03 - - 200 890 http://www.a.com/o.html
2016/06/12 06:40:03 - - 200 890 http://www.a.com/o.html
2016/06/12 07:00:03 - - 200 890 http://www.a.com/o.html
2016/06/12 08:00:03 - - 200 890 http://www.a.com/o.html
2016/06/12 09:10:03 - - 200 890 http://www.a.com/o.html
2016/06/12 10:05:03 - - 200 890 http://www.a.com/o.html
2016/06/12 11:00:03 - - 200 890 http://www.a.com/o.html
2016/06/12 12:00:00 - - 200 890 http://www.a.com/o.html
2016/06/12 12:00:03 - - 200 890 http://www.a.com/o.html
2016/06/12 14:00:03 - - 200 890 http://www.a.com/o.html
2016/06/12 13:00:03 - - 200 890 http://www.a.com/o.html
2016/06/12 19:10:03 - - 200 890 http://www.a.com/o.html
2016/06/12 20:00:03 - - 200 890 http://www.a.com/o.html
2016/06/12 20:30:03 - - 200 890 http://www.a.com/o.html
2016/06/12 21:00:03 - - 200 890 http://www.a.com/o.html
2016/06/12 22:45:55 - - 200 890 http://www.a.com/o.html
2016/06/12 22:45:56 - - 200 890 http://www.a.com/o.html
2016/06/12 23:59:56 - - 200 320 http://www.3.com/o.jpg xxxxxxx
2016/06/12 23:59:57 - - 200 131 http://www.9.com/o.html xxxxxxx
2016/06/12 23:59:58 - - 200 489 http://www.r.com/o.net xxxxxxx
2016/06/12 23:59:59 - - 200 772 http://www.w.com/o.php xxxxxxx
